#
# A fatal error has been detected by the Java Runtime Environment:
#
#  EXCEPTION_ACCESS_VIOLATION (0xc0000005) at pc=0x00007ffdb09126c4, pid=29140, tid=10980
#
# JRE version: Java(TM) SE Runtime Environment (24.0+36) (build 24+36-3646)
# Java VM: Java HotSpot(TM) 64-Bit Server VM (24+36-3646, mixed mode, emulated-client, sharing, tiered, compressed oops, compressed class ptrs, g1 gc, windows-amd64)
# Problematic frame:
# C  [libasyncProfiler.dll+0x926c4]
#
# No core dump will be written. Minidumps are not enabled by default on client versions of Windows
#
# JFR recording file will be written. Location: D:\iam_service_post_hub\hs_err_pid29140.jfr
#
# If you would like to submit a bug report, please visit:
#   https://bugreport.java.com/bugreport/crash.jsp
# The crash happened outside the Java Virtual Machine in native code.
# See problematic frame for where to report the bug.
#

---------------  S U M M A R Y ------------

Command Line: -XX:TieredStopAtLevel=1 -Dspring.output.ansi.enabled=always -Dcom.sun.management.jmxremote -Dspring.jmx.enabled=true -Dspring.liveBeansView.mbeanDomain -Dspring.application.admin.enabled=true -Dmanagement.endpoints.jmx.exposure.include=* -javaagent:C:\Users\Lungenberg\AppData\Local\Programs\IntelliJ IDEA Ultimate\lib\idea_rt.jar=59753 -Dfile.encoding=UTF-8 -Dsun.stdout.encoding=UTF-8 -Dsun.stderr.encoding=UTF-8 com.post_hub.iam_service.IamServiceApplication

Host: AMD Ryzen 9 6900HX with Radeon Graphics        , 16 cores, 15G,  Windows 11 , 64 bit Build 26100 (10.0.26100.4202)
Time: Sat Jun 14 20:00:14 2025  Windows 11 , 64 bit Build 26100 (10.0.26100.4202) elapsed time: 325.622056 seconds (0d 0h 5m 25s)

---------------  T H R E A D  ---------------

Current thread (0x000001a0fbc6d580):  JavaThread "Attach Listener" daemon [_thread_in_native, id=10980, stack(0x00000025acb00000,0x00000025acc00000) (1024K)]

Stack: [0x00000025acb00000,0x00000025acc00000],  sp=0x00000025acbff220,  free space=1020k
Native frames: (J=compiled Java code, j=interpreted, Vv=VM code, C=native code)
C  [libasyncProfiler.dll+0x926c4]  (no source info available)
C  [libasyncProfiler.dll+0x92b9b]  (no source info available)
C  [libasyncProfiler.dll+0x917f4]  (no source info available)
C  [libasyncProfiler.dll+0x9206a]  (no source info available)
C  [libasyncProfiler.dll+0x8cc21]  (no source info available)
C  [libasyncProfiler.dll+0x7e5e1]  (no source info available)
C  [libasyncProfiler.dll+0x7d2f8]  (no source info available)
C  [libasyncProfiler.dll+0x7d1e0]  (no source info available)
C  [libasyncProfiler.dll+0x841b9]  (no source info available)
V  [jvm.dll+0x57f1b7]  (no source info available)
V  [jvm.dll+0x57ff2c]  (no source info available)
V  [jvm.dll+0x14c9b7]  (no source info available)
V  [jvm.dll+0x14df81]  (no source info available)
V  [jvm.dll+0x42f566]  (no source info available)
V  [jvm.dll+0x87d8fb]  (no source info available)
V  [jvm.dll+0x72efe5]  (no source info available)
C  [ucrtbase.dll+0x37b0]  (no source info available)
C  [KERNEL32.DLL+0x2e8d7]  (no source info available)
C  [ntdll.dll+0x3c34c]  (no source info available)


siginfo: EXCEPTION_ACCESS_VIOLATION (0xc0000005), reading address 0xffffffffffffffff


Registers:
RAX=0x0000000000000010, RBX=0x0000000000000000, RCX=0xffffffffffffffff, RDX=0x007ffd8c8a2ff010
RSP=0x00000025acbff220, RBP=0x000001a0c5ae3928, RSI=0x00000025acbff390, RDI=0x000001a0c5ae3928
R8 =0x0000000000000042, R9 =0x000000070d000000, R10=0x00007ffd8cb19fc0, R11=0x0000000000000010
R12=0x00000025acbff390, R13=0x000001a0c66b50d0, R14=0x000001a0fbc6d948, R15=0x000001a0fbc6d948
RIP=0x00007ffdb09126c4, EFLAGS=0x0000000000010202

XMM[0]=0x0000000000000000 0x0000000000000000
XMM[1]=0x0000000000000000 0x0000000000000000
XMM[2]=0x0000000000000000 0x0000000000000000
XMM[3]=0x0000000000000000 0x0000000000000000
XMM[4]=0x0000000000000000 0x0000000000000000
XMM[5]=0x0000000000000000 0x0000000000000000
XMM[6]=0x0000000000000000 0x0000000000000000
XMM[7]=0x0000000000000000 0x0000000000000000
XMM[8]=0x0000000000000000 0x0000000000000000
XMM[9]=0x0000000000000000 0x0000000000000000
XMM[10]=0x0000000000000000 0x0000000000000000
XMM[11]=0x0000000000000000 0x0000000000000000
XMM[12]=0x0000000000000000 0x0000000000000000
XMM[13]=0x0000000000000000 0x0000000000000000
XMM[14]=0x0000000000000000 0x0000000000000000
XMM[15]=0x0000000000000000 0x0000000000000000
  MXCSR=0x00001fa0


Register to memory mapping:

RAX=0x0000000000000010 is an unknown value
RBX=0x0 is null
RCX=0xffffffffffffffff is an unknown value
RDX=0x007ffd8c8a2ff010 is an unknown value
RSP=0x00000025acbff220 is pointing into the stack for thread: 0x000001a0fbc6d580
RBP=0x000001a0c5ae3928 points into unknown readable memory: 0x000000070d000000 | 00 00 00 0d 07 00 00 00
RSI=0x00000025acbff390 is pointing into the stack for thread: 0x000001a0fbc6d580
RDI=0x000001a0c5ae3928 points into unknown readable memory: 0x000000070d000000 | 00 00 00 0d 07 00 00 00
R8 =0x0000000000000042 is an unknown value
R9 =0x000000070d000000 is an oop: java.lang.ref.Reference$ReferenceHandler 
{0x000000070d000000} - klass: 'java/lang/ref/Reference$ReferenceHandler' - flags: 

 - ---- fields (total size 14 words):
 - 'threadLocalRandomProbe' 'I' @12  0 (0x00000000)
 - private volatile 'eetop' 'J' @16  1790930486080 (0x000001a0fbc68340)
 - private final 'tid' 'J' @24  15 (0x000000000000000f)
 - 'threadLocalRandomSeed' 'J' @32  0 (0x0000000000000000)
 - injected 'jvmti_thread_state' 'J' @40  1790019973008 (0x000001a0c5812f90)
 - 'threadLocalRandomSecondarySeed' 'I' @48  0 (0x00000000)
 - injected 'jvmti_VTMS_transition_disable_count' 'I' @52  0 (0x00000000)
 - injected 'jfr_epoch' 'S' @56  0 (0x0000)
 - volatile 'interrupted' 'Z' @58  false (0x00)
 - injected 'jvmti_is_in_VTMS_transition' 'Z' @59  false (0x00)
 - private volatile 'name' 'Ljava/lang/String;' @60  "Reference Handler"{0x000000070d041db0} (0xe1a083b6)
 - private volatile 'contextClassLoader' 'Ljava/lang/ClassLoader;' @64  null (0x00000000)
 - private final 'holder' 'Ljava/lang/Thread$FieldHolder;' @68  a 'java/lang/Thread$FieldHolder'{0x000000070d675310} (0xe1acea62)
 - 'threadLocals' 'Ljava/lang/ThreadLocal$ThreadLocalMap;' @72  null (0x00000000)
 - 'inheritableThreadLocals' 'Ljava/lang/ThreadLocal$ThreadLocalMap;' @76  null (0x00000000)
 - private 'scopedValueBindings' 'Ljava/lang/Object;' @80  a 'java/lang/Class'{0x000000070d0019d0} = 'java/lang/Thread' (0xe1a0033a)
 - final 'interruptLock' 'Ljava/lang/Object;' @84  a 'java/lang/Object'{0x000000070d675338} (0xe1acea67)
 - private volatile 'parkBlocker' 'Ljava/lang/Object;' @88  null (0x00000000)
 - private 'nioBlocker' 'Lsun/nio/ch/Interruptible;' @92  null (0x00000000)
 - private 'cont' 'Ljdk/internal/vm/Continuation;' @96  null (0x00000000)
 - private volatile 'uncaughtExceptionHandler' 'Ljava/lang/Thread$UncaughtExceptionHandler;' @100  null (0x00000000)
 - private 'container' 'Ljdk/internal/vm/ThreadContainer;' @104  null (0x00000000)
 - private volatile 'headStackableScopes' 'Ljdk/internal/vm/StackableScope;' @108  null (0x00000000)
R10=0x00007ffd8cb19fc0 jvm.dll
R11=0x0000000000000010 is an unknown value
R12=0x00000025acbff390 is pointing into the stack for thread: 0x000001a0fbc6d580
R13=0x000001a0c66b50d0 points into unknown readable memory: 0x00007ffd8ca8a510 | 10 a5 a8 8c fd 7f 00 00
R14=0x000001a0fbc6d948 points into unknown readable memory: 0x00007ffd8ca817b0 | b0 17 a8 8c fd 7f 00 00
R15=0x000001a0fbc6d948 points into unknown readable memory: 0x00007ffd8ca817b0 | b0 17 a8 8c fd 7f 00 00

Top of Stack: (sp=0x00000025acbff220)
0x00000025acbff220:   00000025acbff390 000001a0c5ae3928   ....%...(9......
0x00000025acbff230:   0000000000000000 000001a0fbc6dcd0   ................
0x00000025acbff240:   000000000000003b 00007ffdb0912b9b   ;........+......
0x00000025acbff250:   0000000000000000 000001a0fbc6d948   ........H.......
0x00000025acbff260:   00000025acbff301 0000000000000000   ....%...........
0x00000025acbff270:   000001a0c6f969b0 00007ffdb09117f4   .i..............
0x00000025acbff280:   0000000000000000 000000000000003b   ........;.......
0x00000025acbff290:   0000000000000000 000000000000003b   ........;.......
0x00000025acbff2a0:   0000001d00000002 000001a0c53f3db0   .........=?.....
0x00000025acbff2b0:   000001a0c6f969b0 000001a0c6f96a9c   .i.......j......
0x00000025acbff2c0:   000001a0c6f96aac 0000000000000928   .j......(.......
0x00000025acbff2d0:   0000000000000000 0000000000000000   ................
0x00000025acbff2e0:   0000000000000000 00007ffd8c2e58e4   .........X......
0x00000025acbff2f0:   00007ffdb0a54ca0 00000000000071d4   .L.......q......
0x00000025acbff300:   00007ffdb0a54ca0 00000000ffffffff   .L..............
0x00000025acbff310:   0000000000000000 00007ffdb091206a   ........j ......
0x00000025acbff320:   000001a0fbc6d948 0000000000000000   H...............
0x00000025acbff330:   00000025acbff399 000001a0c66b50d0   ....%....Pk.....
0x00000025acbff340:   0000000000000004 0000000000000048   ........H.......
0x00000025acbff350:   0000000800800310 0000000000000020   ........ .......
0x00000025acbff360:   000001a0fbc6d948 00007ffdb0a54ca0   H........L......
0x00000025acbff370:   000001a0fbc79a60 000001a0c5812f90   `......../......
0x00000025acbff380:   0000000800800390 000001a0fbc6d948   ........H.......
0x00000025acbff390:   000001a0c5832470 000001a0c5832bd0   p$.......+......
0x00000025acbff3a0:   000001a0c5832bd0 00007ffdb0a54ca0   .+.......L......
0x00000025acbff3b0:   000001a0c5a3dea8 00000025acbff528   ........(...%...
0x00000025acbff3c0:   00000025acbff660 0000000000008840   `...%...@.......
0x00000025acbff3d0:   00000025acbff840 00007ffdb0a54cf0   @...%....L......
0x00000025acbff3e0:   0000000000989680 0000000000989680   ................
0x00000025acbff3f0:   00000025acbff500 00007ffdb090cc21   ....%...!.......
0x00000025acbff400:   00007ffdb0a54ca0 00007ffdb0a54cf8   .L.......L......
0x00000025acbff410:   00007ffd00000000 00007ffd00000001   ................

Instructions: (pc=0x00007ffdb09126c4)
  0x00007ffdb09125c4:   cc cc cc cc cc cc cc cc cc cc cc cc cc cc cc cc
  0x00007ffdb09125d4:   cc cc cc cc cc cc cc cc cc cc cc cc cc cc cc cc
  0x00007ffdb09125e4:   cc cc cc cc cc cc cc cc cc cc cc cc cc cc cc cc
  0x00007ffdb09125f4:   cc cc cc cc cc cc cc cc cc cc cc cc cc cc cc cc
  0x00007ffdb0912604:   cc cc cc cc cc cc cc cc cc cc cc cc cc cc cc cc
  0x00007ffdb0912614:   cc cc cc cc cc cc cc cc cc cc cc cc cc cc cc cc
  0x00007ffdb0912624:   cc cc cc cc cc cc cc cc cc cc cc cc cc cc cc cc
  0x00007ffdb0912634:   cc cc cc cc cc cc cc cc cc cc cc cc cc cc cc cc
  0x00007ffdb0912644:   cc cc cc cc cc cc cc cc cc cc cc cc 40 57 48 83
  0x00007ffdb0912654:   ec 20 48 8b f9 48 8b 0d 10 28 14 00 48 85 c9 74
  0x00007ffdb0912664:   20 48 8b 01 48 8d 54 24 38 41 b8 06 00 01 00 4c
  0x00007ffdb0912674:   8b 48 30 41 ff d1 85 c0 75 07 48 8b 4c 24 38 eb
  0x00007ffdb0912684:   02 33 c9 4c 8b 05 ea 28 14 00 48 89 5c 24 30 4d
  0x00007ffdb0912694:   85 c0 74 4a 48 8b 01 48 8b d7 4c 8b 88 28 03 00
  0x00007ffdb09126a4:   00 41 ff d1 48 85 c0 74 35 48 63 0d f8 e6 13 00
  0x00007ffdb09126b4:   48 8b 14 01 48 85 d2 74 15 48 63 05 fc e6 13 00
=>0x00007ffdb09126c4:   8b 04 10 48 8b 5c 24 30 48 83 c4 20 5f c3 b8 ff
  0x00007ffdb09126d4:   ff ff ff 48 8b 5c 24 30 48 83 c4 20 5f c3 80 3d
  0x00007ffdb09126e4:   9b 27 14 00 00 bb ff ff ff ff 74 20 4c 8b 0d 31
  0x00007ffdb09126f4:   24 14 00 4c 8d 44 24 38 48 8b 0d 15 24 14 00 48
  0x00007ffdb0912704:   8b d7 41 ff d1 85 c0 0f 44 5c 24 38 8b c3 48 8b
  0x00007ffdb0912714:   5c 24 30 48 83 c4 20 5f c3 cc cc cc cc cc cc cc
  0x00007ffdb0912724:   cc cc cc cc cc cc cc cc cc cc cc cc cc cc cc cc
  0x00007ffdb0912734:   cc cc cc cc cc cc cc cc cc cc cc cc cc cc cc cc
  0x00007ffdb0912744:   cc cc cc cc cc cc cc cc cc cc cc cc 48 89 54 24
  0x00007ffdb0912754:   10 53 55 56 57 41 56 41 57 48 83 ec 28 48 8b f2
  0x00007ffdb0912764:   4c 8b f1 48 89 4c 24 78 45 33 ff 44 89 7c 24 68
  0x00007ffdb0912774:   c7 44 24 60 01 00 00 00 48 8d 4c 24 68 e8 ed 42
  0x00007ffdb0912784:   f7 ff 8b d8 48 8d 4c 24 60 e8 e1 42 f7 ff 8b e8
  0x00007ffdb0912794:   49 8b ce e8 00 fc f6 ff 48 8b f8 90 8b c3 f0 0f
  0x00007ffdb09127a4:   b1 2f 74 04 f3 90 eb f4 4c 89 3e 4c 89 7e 08 4c
  0x00007ffdb09127b4:   89 7e 10 49 8b 6e 08 4d 8b 76 10 49 3b ee 0f 84


Stack slot to memory mapping:

stack at sp + 0 slots: 0x00000025acbff390 is pointing into the stack for thread: 0x000001a0fbc6d580
stack at sp + 1 slots: 0x000001a0c5ae3928 points into unknown readable memory: 0x000000070d000000 | 00 00 00 0d 07 00 00 00
stack at sp + 2 slots: 0x0 is null
stack at sp + 3 slots: 0x000001a0fbc6dcd0 points into unknown readable memory: 0x6e616c2e6176616a | 6a 61 76 61 2e 6c 61 6e
stack at sp + 4 slots: 0x000000000000003b is an unknown value
stack at sp + 5 slots: 0x00007ffdb0912b9b libasyncProfiler.dll
stack at sp + 6 slots: 0x0 is null
stack at sp + 7 slots: 0x000001a0fbc6d948 points into unknown readable memory: 0x00007ffd8ca817b0 | b0 17 a8 8c fd 7f 00 00

Lock stack of current Java thread (top to bottom):


---------------  P R O C E S S  ---------------

Threads class SMR info:
_java_thread_list=0x000001a0c6885010, length=35, elements={
0x000001a0fbc68340, 0x000001a0fbc68a80, 0x000001a0fbc6c7d0, 0x000001a0fbc6d580,
0x000001a0fbc770d0, 0x000001a0fbc7bd90, 0x000001a0fbc89710, 0x000001a0c51537d0,
0x000001a0c5356670, 0x000001a0c5356db0, 0x000001a0c5ce6690, 0x000001a0c5d28410,
0x000001a0c5d46730, 0x000001a0c5d47d20, 0x000001a0c5d49310, 0x000001a0c5d48470,
0x000001a0c679aad0, 0x000001a0c6799c30, 0x000001a0c679c810, 0x000001a0c679b970,
0x000001a0c679b220, 0x000001a0c679c0c0, 0x000001a0c67994e0, 0x000001a0c679cf60,
0x000001a0c679d6b0, 0x000001a0c679a380, 0x000001a0c679de00, 0x000001a0c679e550,
0x000001a0c679eca0, 0x000001a0c679fb40, 0x000001a0c679f3f0, 0x000001a0c5833b20,
0x000001a0c5833390, 0x000001a0c58342b0, 0x000001a0c67a0290
}

Java Threads: ( => current thread )
  0x000001a0fbc68340 JavaThread "Reference Handler"          daemon [_thread_blocked, id=30600, stack(0x00000025ac800000,0x00000025ac900000) (1024K)]
  0x000001a0fbc68a80 JavaThread "Finalizer"                  daemon [_thread_blocked, id=12008, stack(0x00000025ac900000,0x00000025aca00000) (1024K)]
  0x000001a0fbc6c7d0 JavaThread "Signal Dispatcher"          daemon [_thread_blocked, id=9360, stack(0x00000025aca00000,0x00000025acb00000) (1024K)]
=>0x000001a0fbc6d580 JavaThread "Attach Listener"            daemon [_thread_in_native, id=10980, stack(0x00000025acb00000,0x00000025acc00000) (1024K)]
  0x000001a0fbc770d0 JavaThread "Service Thread"             daemon [_thread_blocked, id=17144, stack(0x00000025acc00000,0x00000025acd00000) (1024K)]
  0x000001a0fbc7bd90 JavaThread "Monitor Deflation Thread"   daemon [_thread_blocked, id=4408, stack(0x00000025acd00000,0x00000025ace00000) (1024K)]
  0x000001a0fbc89710 JavaThread "C1 CompilerThread0"         daemon [_thread_blocked, id=28892, stack(0x00000025ace00000,0x00000025acf00000) (1024K)]
  0x000001a0c51537d0 JavaThread "Common-Cleaner"             daemon [_thread_blocked, id=7784, stack(0x00000025ad000000,0x00000025ad100000) (1024K)]
  0x000001a0c5356670 JavaThread "Monitor Ctrl-Break"         daemon [_thread_in_native, id=8068, stack(0x00000025ad300000,0x00000025ad400000) (1024K)]
  0x000001a0c5356db0 JavaThread "Notification Thread"        daemon [_thread_blocked, id=33700, stack(0x00000025ad400000,0x00000025ad500000) (1024K)]
  0x000001a0c5ce6690 JavaThread "RMI TCP Accept-0"           daemon [_thread_in_native, id=6664, stack(0x00000025ad500000,0x00000025ad600000) (1024K)]
  0x000001a0c5d28410 JavaThread "RMI Scheduler(0)"           daemon [_thread_blocked, id=31376, stack(0x00000025ad700000,0x00000025ad800000) (1024K)]
  0x000001a0c5d46730 JavaThread "JMX server connection timeout 40" daemon [_thread_blocked, id=24556, stack(0x00000025ad800000,0x00000025ad900000) (1024K)]
  0x000001a0c5d47d20 JavaThread "Catalina-utility-1"                [_thread_blocked, id=32784, stack(0x00000025ae900000,0x00000025aea00000) (1024K)]
  0x000001a0c5d49310 JavaThread "Catalina-utility-2"                [_thread_blocked, id=2788, stack(0x00000025aea00000,0x00000025aeb00000) (1024K)]
  0x000001a0c5d48470 JavaThread "container-0"                       [_thread_blocked, id=15032, stack(0x00000025aeb00000,0x00000025aec00000) (1024K)]
  0x000001a0c679aad0 JavaThread "http-nio-8189-exec-1"       daemon [_thread_blocked, id=28840, stack(0x00000025aec00000,0x00000025aed00000) (1024K)]
  0x000001a0c6799c30 JavaThread "http-nio-8189-exec-2"       daemon [_thread_blocked, id=21712, stack(0x00000025aed00000,0x00000025aee00000) (1024K)]
  0x000001a0c679c810 JavaThread "http-nio-8189-exec-3"       daemon [_thread_blocked, id=33756, stack(0x00000025aee00000,0x00000025aef00000) (1024K)]
  0x000001a0c679b970 JavaThread "http-nio-8189-exec-4"       daemon [_thread_blocked, id=11160, stack(0x00000025aef00000,0x00000025af000000) (1024K)]
  0x000001a0c679b220 JavaThread "http-nio-8189-exec-5"       daemon [_thread_blocked, id=24104, stack(0x00000025af000000,0x00000025af100000) (1024K)]
  0x000001a0c679c0c0 JavaThread "http-nio-8189-exec-6"       daemon [_thread_blocked, id=16440, stack(0x00000025af100000,0x00000025af200000) (1024K)]
  0x000001a0c67994e0 JavaThread "http-nio-8189-exec-7"       daemon [_thread_blocked, id=2752, stack(0x00000025af200000,0x00000025af300000) (1024K)]
  0x000001a0c679cf60 JavaThread "http-nio-8189-exec-8"       daemon [_thread_blocked, id=19064, stack(0x00000025af300000,0x00000025af400000) (1024K)]
  0x000001a0c679d6b0 JavaThread "http-nio-8189-exec-9"       daemon [_thread_blocked, id=22220, stack(0x00000025af400000,0x00000025af500000) (1024K)]
  0x000001a0c679a380 JavaThread "http-nio-8189-exec-10"      daemon [_thread_blocked, id=32576, stack(0x00000025af500000,0x00000025af600000) (1024K)]
  0x000001a0c679de00 JavaThread "http-nio-8189-Poller"       daemon [_thread_in_native, id=32276, stack(0x00000025af600000,0x00000025af700000) (1024K)]
  0x000001a0c679e550 JavaThread "http-nio-8189-Acceptor"     daemon [_thread_in_native, id=32560, stack(0x00000025af700000,0x00000025af800000) (1024K)]
  0x000001a0c679eca0 JavaThread "DestroyJavaVM"                     [_thread_blocked, id=26588, stack(0x00000025ac000000,0x00000025ac100000) (1024K)]
  0x000001a0c679fb40 JavaThread "RMI TCP Connection(3)-192.168.0.111" daemon [_thread_in_native, id=32312, stack(0x00000025abd00000,0x00000025abe00000) (1024K)]
  0x000001a0c679f3f0 JavaThread "JFR Recorder Thread"        daemon [_thread_in_native, id=17676, stack(0x00000025acf00000,0x00000025ad000000) (1024K)]
  0x000001a0c5833b20 JavaThread "C1 CompilerThread1"         daemon [_thread_blocked, id=26432, stack(0x00000025ad100000,0x00000025ad200000) (1024K)]
  0x000001a0c5833390 JavaThread "C1 CompilerThread2"         daemon [_thread_blocked, id=27716, stack(0x00000025ad200000,0x00000025ad300000) (1024K)]
  0x000001a0c58342b0 JavaThread "C1 CompilerThread3"         daemon [_thread_blocked, id=12272, stack(0x00000025ad600000,0x00000025ad700000) (1024K)]
  0x000001a0c67a0290 JavaThread "JFR Periodic Tasks"         daemon [_thread_blocked, id=2344, stack(0x00000025ae100000,0x00000025ae200000) (1024K)]
Total: 35

Other Threads:
  0x000001a0fbc5b600 VMThread "VM Thread"                           [id=30664, stack(0x00000025ac700000,0x00000025ac800000) (1024K)]
  0x000001a0fbb29500 WatcherThread "VM Periodic Task Thread"        [id=31384, stack(0x00000025ac600000,0x00000025ac700000) (1024K)]
  0x000001a0e80581a0 WorkerThread "GC Thread#0"                     [id=4500, stack(0x00000025ac100000,0x00000025ac200000) (1024K)]
  0x000001a0c6529f80 WorkerThread "GC Thread#1"                     [id=16116, stack(0x00000025ada00000,0x00000025adb00000) (1024K)]
  0x000001a0c6528960 WorkerThread "GC Thread#2"                     [id=13964, stack(0x00000025adb00000,0x00000025adc00000) (1024K)]
  0x000001a0c6528d10 WorkerThread "GC Thread#3"                     [id=28340, stack(0x00000025adc00000,0x00000025add00000) (1024K)]
  0x000001a0c6529bd0 WorkerThread "GC Thread#4"                     [id=26648, stack(0x00000025add00000,0x00000025ade00000) (1024K)]
  0x000001a0c65290c0 WorkerThread "GC Thread#5"                     [id=33072, stack(0x00000025ade00000,0x00000025adf00000) (1024K)]
  0x000001a0c652a330 WorkerThread "GC Thread#6"                     [id=18488, stack(0x00000025adf00000,0x00000025ae000000) (1024K)]
  0x000001a0c6529470 WorkerThread "GC Thread#7"                     [id=26460, stack(0x00000025ae000000,0x00000025ae100000) (1024K)]
  0x000001a0c673bd70 WorkerThread "GC Thread#8"                     [id=7424, stack(0x00000025ad900000,0x00000025ada00000) (1024K)]
  0x000001a0c6739c40 WorkerThread "GC Thread#9"                     [id=21760, stack(0x00000025ae300000,0x00000025ae400000) (1024K)]
  0x000001a0c673aeb0 WorkerThread "GC Thread#10"                    [id=25592, stack(0x00000025ae400000,0x00000025ae500000) (1024K)]
  0x000001a0c6739ff0 WorkerThread "GC Thread#11"                    [id=25544, stack(0x00000025ae500000,0x00000025ae600000) (1024K)]
  0x000001a0c673b9c0 WorkerThread "GC Thread#12"                    [id=12904, stack(0x00000025ae600000,0x00000025ae700000) (1024K)]
  0x000001a0e806e7e0 ConcurrentGCThread "G1 Main Marker"            [id=32792, stack(0x00000025ac200000,0x00000025ac300000) (1024K)]
  0x000001a0e806f200 WorkerThread "G1 Conc#0"                       [id=32808, stack(0x00000025ac300000,0x00000025ac400000) (1024K)]
  0x000001a0c673a3a0 WorkerThread "G1 Conc#1"                       [id=31940, stack(0x00000025ae700000,0x00000025ae800000) (1024K)]
  0x000001a0c6739890 WorkerThread "G1 Conc#2"                       [id=8784, stack(0x00000025ae800000,0x00000025ae900000) (1024K)]
  0x000001a0fbb15f20 ConcurrentGCThread "G1 Refine#0"               [id=22548, stack(0x00000025ac400000,0x00000025ac500000) (1024K)]
  0x000001a0fbb168b0 ConcurrentGCThread "G1 Service"                [id=14384, stack(0x00000025ac500000,0x00000025ac600000) (1024K)]
Total: 21

Threads with active compile tasks:
Total: 0

VM state: not at safepoint (normal execution)

VM Mutex/Monitor currently owned by a thread: None

Heap address: 0x000000070ce00000, size: 3890 MB, Compressed Oops mode: Zero based, Oop shift amount: 3

CDS archive(s) mapped at: [0x000001a080000000-0x000001a080d40000-0x000001a080d40000), size 13893632, SharedBaseAddress: 0x000001a080000000, ArchiveRelocationMode: 1.
Compressed class space mapped at: 0x000001a081000000-0x000001a0c1000000, reserved size: 1073741824
UseCompressedClassPointers 1, UseCompactObjectHeaders 0
Narrow klass pointer bits 32, Max shift 3
Narrow klass base: 0x000001a080000000, Narrow klass shift: 0
Encoding Range: [0x000001a080000000 - 0x000001a180000000), (4294967296 bytes)
Klass Range:    [0x000001a080000000 - 0x000001a0c1000000), (1090519040 bytes)
Klass ID Range:  [8 - 1090519033) (1090519025)

GC Precious Log:
 CardTable entry size: 512
 Card Set container configuration: InlinePtr #cards 4 size 8 Array Of Cards #cards 16 size 48 Howl #buckets 8 coarsen threshold 3686 Howl Bitmap #cards 512 size 80 coarsen threshold 460 Card regions per heap region 1 cards per card region 4096
 CPUs: 16 total, 16 available
 Memory: 15556M
 Large Page Support: Disabled
 NUMA Support: Disabled
 Compressed Oops: Enabled (Zero based)
 Heap Region Size: 2M
 Heap Min Capacity: 8M
 Heap Initial Capacity: 244M
 Heap Max Capacity: 3890M
 Pre-touch: Disabled
 Parallel Workers: 13
 Concurrent Workers: 3
 Concurrent Refinement Workers: 13
 Periodic GC: Disabled

Heap:
 garbage-first heap   total reserved 3983360K, committed 63488K, used 23031K [0x000000070ce00000, 0x0000000800000000)
  region size 2048K, 7 young (14336K), 3 survivors (6144K)
 Metaspace       used 30881K, committed 31360K, reserved 1114112K
  class space    used 3556K, committed 3776K, reserved 1048576K

Heap Regions: E=young(eden), S=young(survivor), O=old, HS=humongous(starts), HC=humongous(continues), CS=collection set, F=free, TAMS=top-at-mark-start, PB=parsable bottom
|   0|0x000000070ce00000, 0x000000070ce0f990, 0x000000070d000000|  3%| O|  |TAMS 0x000000070ce00000| PB 0x000000070ce00000| Untracked |  0
|   1|0x000000070d000000, 0x000000070d200000, 0x000000070d200000|100%| O|  |TAMS 0x000000070d000000| PB 0x000000070d000000| Untracked |  0
|   2|0x000000070d200000, 0x000000070d400000, 0x000000070d400000|100%| O|  |TAMS 0x000000070d200000| PB 0x000000070d200000| Untracked |  0
|   3|0x000000070d400000, 0x000000070d600000, 0x000000070d600000|100%| O|  |TAMS 0x000000070d400000| PB 0x000000070d400000| Untracked |  0
|   4|0x000000070d600000, 0x000000070d800000, 0x000000070d800000|100%| O|  |TAMS 0x000000070d600000| PB 0x000000070d600000| Untracked |  0
|   5|0x000000070d800000, 0x000000070da00000, 0x000000070da00000|100%| O|  |TAMS 0x000000070d800000| PB 0x000000070d800000| Untracked |  0
|   6|0x000000070da00000, 0x000000070dc00000, 0x000000070dc00000|100%| O|  |TAMS 0x000000070da00000| PB 0x000000070da00000| Untracked |  0
|   7|0x000000070dc00000, 0x000000070dc484d0, 0x000000070de00000| 14%| O|  |TAMS 0x000000070dc00000| PB 0x000000070dc00000| Untracked |  0
|   8|0x000000070de00000, 0x000000070de00000, 0x000000070e000000|  0%| F|  |TAMS 0x000000070de00000| PB 0x000000070de00000| Untracked |  0
|   9|0x000000070e000000, 0x000000070e000000, 0x000000070e200000|  0%| F|  |TAMS 0x000000070e000000| PB 0x000000070e000000| Untracked |  0
|  10|0x000000070e200000, 0x000000070e200000, 0x000000070e400000|  0%| F|  |TAMS 0x000000070e200000| PB 0x000000070e200000| Untracked |  0
|  11|0x000000070e400000, 0x000000070e400000, 0x000000070e600000|  0%| F|  |TAMS 0x000000070e400000| PB 0x000000070e400000| Untracked |  0
|  12|0x000000070e600000, 0x000000070e600000, 0x000000070e800000|  0%| F|  |TAMS 0x000000070e600000| PB 0x000000070e600000| Untracked |  0
|  13|0x000000070e800000, 0x000000070e800000, 0x000000070ea00000|  0%| F|  |TAMS 0x000000070e800000| PB 0x000000070e800000| Untracked |  0
|  14|0x000000070ea00000, 0x000000070ea25f40, 0x000000070ec00000|  7%| S|CS|TAMS 0x000000070ea00000| PB 0x000000070ea00000| Complete |  0
|  15|0x000000070ec00000, 0x000000070ee00000, 0x000000070ee00000|100%| S|CS|TAMS 0x000000070ec00000| PB 0x000000070ec00000| Complete |  0
|  16|0x000000070ee00000, 0x000000070f000000, 0x000000070f000000|100%| S|CS|TAMS 0x000000070ee00000| PB 0x000000070ee00000| Complete |  0
|  17|0x000000070f000000, 0x000000070f000000, 0x000000070f200000|  0%| F|  |TAMS 0x000000070f000000| PB 0x000000070f000000| Untracked |  0
|  18|0x000000070f200000, 0x000000070f200000, 0x000000070f400000|  0%| F|  |TAMS 0x000000070f200000| PB 0x000000070f200000| Untracked |  0
|  19|0x000000070f400000, 0x000000070f400000, 0x000000070f600000|  0%| F|  |TAMS 0x000000070f400000| PB 0x000000070f400000| Untracked |  0
|  20|0x000000070f600000, 0x000000070f600000, 0x000000070f800000|  0%| F|  |TAMS 0x000000070f600000| PB 0x000000070f600000| Untracked |  0
|  21|0x000000070f800000, 0x000000070f800000, 0x000000070fa00000|  0%| F|  |TAMS 0x000000070f800000| PB 0x000000070f800000| Untracked |  0
|  22|0x000000070fa00000, 0x000000070fa00000, 0x000000070fc00000|  0%| F|  |TAMS 0x000000070fa00000| PB 0x000000070fa00000| Untracked |  0
|  23|0x000000070fc00000, 0x000000070fc00000, 0x000000070fe00000|  0%| F|  |TAMS 0x000000070fc00000| PB 0x000000070fc00000| Untracked |  0
|  99|0x0000000719400000, 0x0000000719400000, 0x0000000719600000|  0%| F|  |TAMS 0x0000000719400000| PB 0x0000000719400000| Untracked |  0
| 100|0x0000000719600000, 0x0000000719600000, 0x0000000719800000|  0%| F|  |TAMS 0x0000000719600000| PB 0x0000000719600000| Untracked |  0
| 101|0x0000000719800000, 0x0000000719800000, 0x0000000719a00000|  0%| F|  |TAMS 0x0000000719800000| PB 0x0000000719800000| Untracked |  0
| 102|0x0000000719a00000, 0x0000000719bc4300, 0x0000000719c00000| 88%| E|  |TAMS 0x0000000719a00000| PB 0x0000000719a00000| Complete |  0
| 103|0x0000000719c00000, 0x0000000719e00000, 0x0000000719e00000|100%| E|CS|TAMS 0x0000000719c00000| PB 0x0000000719c00000| Complete |  0
| 121|0x000000071c000000, 0x000000071c200000, 0x000000071c200000|100%| E|CS|TAMS 0x000000071c000000| PB 0x000000071c000000| Complete |  0
|1944|0x00000007ffe00000, 0x0000000800000000, 0x0000000800000000|100%| E|CS|TAMS 0x00000007ffe00000| PB 0x00000007ffe00000| Complete |  0

Card table byte_map: [0x000001a0f47a0000,0x000001a0f4f40000] _byte_map_base: 0x000001a0f0f39000

Marking Bits: (CMBitMap*) 0x000001a0e80587c0
 Bits: [0x000001a0f4f40000, 0x000001a0f8c08000)

Polling page: 0x000001a0e5e50000

Metaspace:

Usage:
  Non-class:     26.68 MB used.
      Class:      3.47 MB used.
       Both:     30.16 MB used.

Virtual space:
  Non-class space:       64.00 MB reserved,      26.94 MB ( 42%) committed,  1 nodes.
      Class space:        1.00 GB reserved,       3.69 MB ( <1%) committed,  1 nodes.
             Both:        1.06 GB reserved,      30.62 MB (  3%) committed. 

Chunk freelists:
   Non-Class:  4.40 MB
       Class:  12.35 MB
        Both:  16.75 MB

MaxMetaspaceSize: unlimited
CompressedClassSpaceSize: 1.00 GB
Initial GC threshold: 21.00 MB
Current GC threshold: 31.50 MB
CDS: on
 - commit_granule_bytes: 65536.
 - commit_granule_words: 8192.
 - virtual_space_node_default_size: 8388608.
 - enlarge_chunks_in_place: 1.
UseCompressedClassPointers 1, UseCompactObjectHeaders 0
Narrow klass pointer bits 32, Max shift 3
Narrow klass base: 0x000001a080000000, Narrow klass shift: 0
Encoding Range: [0x000001a080000000 - 0x000001a180000000), (4294967296 bytes)
Klass Range:    [0x000001a080000000 - 0x000001a0c1000000), (1090519040 bytes)
Klass ID Range:  [8 - 1090519033) (1090519025)


Internal statistics:

num_allocs_failed_limit: 0.
num_arena_births: 550.
num_arena_deaths: 0.
num_vsnodes_births: 2.
num_vsnodes_deaths: 0.
num_space_committed: 490.
num_space_uncommitted: 0.
num_chunks_returned_to_freelist: 0.
num_chunks_taken_from_freelist: 1571.
num_chunk_merges: 0.
num_chunk_splits: 1075.
num_chunks_enlarged: 828.
num_inconsistent_stats: 0.

CodeCache: size=49152Kb used=8958Kb max_used=8980Kb free=40193Kb
 bounds [0x000001a0f0890000, 0x000001a0f1160000, 0x000001a0f3890000]
 total_blobs=5596, nmethods=5007, adapters=511, full_count=0
Compilation: enabled, stopped_count=0, restarted_count=0

Compilation events (20 events):
Event: 325.548 Thread 0x000001a0fbc89710 4998       1       jdk.jfr.internal.EventControl::getEventType (5 bytes)
Event: 325.548 Thread 0x000001a0c5833b20 4999       1       jdk.jfr.internal.EventControl::getSettingsId (5 bytes)
Event: 325.548 Thread 0x000001a0c58342b0 5000       1       jdk.jfr.internal.EventControl::getNamedControls (5 bytes)
Event: 325.548 Thread 0x000001a0c5833390 5001       1       jdk.jfr.internal.PlatformEventType::isEnabled (5 bytes)
Event: 325.548 Thread 0x000001a0fbc89710 nmethod 4998 0x000001a0f09a0a88 code [0x000001a0f09a0b80, 0x000001a0f09a0c48]
Event: 325.548 Thread 0x000001a0fbc89710 5002   !   1       jdk.jfr.internal.Control::setValue (102 bytes)
Event: 325.548 Thread 0x000001a0c58342b0 nmethod 5000 0x000001a0f09a0788 code [0x000001a0f09a0880, 0x000001a0f09a0948]
Event: 325.548 Thread 0x000001a0c58342b0 5003       1       jdk.jfr.internal.SettingsManager$InternalSetting::getValues (35 bytes)
Event: 325.548 Thread 0x000001a0c5833b20 nmethod 4999 0x000001a0f09a0488 code [0x000001a0f09a0580, 0x000001a0f09a0648]
Event: 325.548 Thread 0x000001a0c5833390 nmethod 5001 0x000001a0f09a0188 code [0x000001a0f09a0280, 0x000001a0f09a0348]
Event: 325.548 Thread 0x000001a0c5833390 5004       1       jdk.jfr.internal.Control::apply (10 bytes)
Event: 325.548 Thread 0x000001a0c5833b20 5005       1       jdk.jfr.internal.Control::findCombine (121 bytes)
Event: 325.549 Thread 0x000001a0c5833390 nmethod 5004 0x000001a0f099fe88 code [0x000001a0f099ffa0, 0x000001a0f09a00b0]
Event: 325.549 Thread 0x000001a0c58342b0 nmethod 5003 0x000001a0f099fb08 code [0x000001a0f099fc40, 0x000001a0f099fe48]
Event: 325.549 Thread 0x000001a0fbc89710 nmethod 5002 0x000001a0f099f208 code [0x000001a0f099f400, 0x000001a0f099fa90]
Event: 325.549 Thread 0x000001a0c5833b20 nmethod 5005 0x000001a0f099e888 code [0x000001a0f099ea40, 0x000001a0f099f1f0]
Event: 325.553 Thread 0x000001a0c5833b20 5006       1       jdk.jfr.internal.periodic.EventTask::getEventType (5 bytes)
Event: 325.553 Thread 0x000001a0c5833b20 nmethod 5006 0x000001a0f099e588 code [0x000001a0f099e680, 0x000001a0f099e748]
Event: 325.554 Thread 0x000001a0c5833b20 5007       1       jdk.jfr.internal.periodic.PeriodicTask::getPeriod (5 bytes)
Event: 325.554 Thread 0x000001a0c5833b20 nmethod 5007 0x000001a0f099e288 code [0x000001a0f099e380, 0x000001a0f099e448]

GC Heap History (10 events):
Event: 0.941 GC heap before
{Heap before GC invocations=0 (full 0):
 garbage-first heap   total reserved 3983360K, committed 251904K, used 50292K [0x000000070ce00000, 0x0000000800000000)
  region size 2048K, 24 young (49152K), 0 survivors (0K)
 Metaspace       used 11448K, committed 11712K, reserved 1114112K
  class space    used 1355K, committed 1472K, reserved 1048576K
}
Event: 0.947 GC heap after
{Heap after GC invocations=1 (full 0):
 garbage-first heap   total reserved 3983360K, committed 251904K, used 7347K [0x000000070ce00000, 0x0000000800000000)
  region size 2048K, 3 young (6144K), 3 survivors (6144K)
 Metaspace       used 11448K, committed 11712K, reserved 1114112K
  class space    used 1355K, committed 1472K, reserved 1048576K
}
Event: 1.248 GC heap before
{Heap before GC invocations=1 (full 0):
 garbage-first heap   total reserved 3983360K, committed 251904K, used 42163K [0x000000070ce00000, 0x0000000800000000)
  region size 2048K, 21 young (43008K), 3 survivors (6144K)
 Metaspace       used 18991K, committed 19328K, reserved 1114112K
  class space    used 2104K, committed 2240K, reserved 1048576K
}
Event: 1.254 GC heap after
{Heap after GC invocations=2 (full 0):
 garbage-first heap   total reserved 3983360K, committed 251904K, used 11072K [0x000000070ce00000, 0x0000000800000000)
  region size 2048K, 5 young (10240K), 5 survivors (10240K)
 Metaspace       used 18991K, committed 19328K, reserved 1114112K
  class space    used 2104K, committed 2240K, reserved 1048576K
}
Event: 1.659 GC heap before
{Heap before GC invocations=3 (full 0):
 garbage-first heap   total reserved 3983360K, committed 49152K, used 45888K [0x000000070ce00000, 0x0000000800000000)
  region size 2048K, 22 young (45056K), 5 survivors (10240K)
 Metaspace       used 23196K, committed 23616K, reserved 1114112K
  class space    used 2634K, committed 2816K, reserved 1048576K
}
Event: 1.670 GC heap after
{Heap after GC invocations=4 (full 0):
 garbage-first heap   total reserved 3983360K, committed 63488K, used 14474K [0x000000070ce00000, 0x0000000800000000)
  region size 2048K, 7 young (14336K), 7 survivors (14336K)
 Metaspace       used 23196K, committed 23616K, reserved 1114112K
  class space    used 2634K, committed 2816K, reserved 1048576K
}
Event: 1.980 GC heap before
{Heap before GC invocations=4 (full 0):
 garbage-first heap   total reserved 3983360K, committed 63488K, used 37002K [0x000000070ce00000, 0x0000000800000000)
  region size 2048K, 18 young (36864K), 7 survivors (14336K)
 Metaspace       used 26452K, committed 26880K, reserved 1114112K
  class space    used 3023K, committed 3200K, reserved 1048576K
}
Event: 1.990 GC heap after
{Heap after GC invocations=5 (full 0):
 garbage-first heap   total reserved 3983360K, committed 63488K, used 15509K [0x000000070ce00000, 0x0000000800000000)
  region size 2048K, 3 young (6144K), 3 survivors (6144K)
 Metaspace       used 26452K, committed 26880K, reserved 1114112K
  class space    used 3023K, committed 3200K, reserved 1048576K
}
Event: 325.472 GC heap before
{Heap before GC invocations=5 (full 0):
 garbage-first heap   total reserved 3983360K, committed 63488K, used 44181K [0x000000070ce00000, 0x0000000800000000)
  region size 2048K, 17 young (34816K), 3 survivors (6144K)
 Metaspace       used 30427K, committed 30912K, reserved 1114112K
  class space    used 3487K, committed 3712K, reserved 1048576K
}
Event: 325.477 GC heap after
{Heap after GC invocations=6 (full 0):
 garbage-first heap   total reserved 3983360K, committed 63488K, used 16887K [0x000000070ce00000, 0x0000000800000000)
  region size 2048K, 3 young (6144K), 3 survivors (6144K)
 Metaspace       used 30427K, committed 30912K, reserved 1114112K
  class space    used 3487K, committed 3712K, reserved 1048576K
}

Dll operation events (12 events):
Event: 0.011 Loaded shared library C:\Java\bin\java.dll
Event: 0.098 Loaded shared library C:\Java\bin\zip.dll
Event: 0.101 Loaded shared library C:\Java\bin\instrument.dll
Event: 0.107 Loaded shared library C:\Java\bin\net.dll
Event: 0.109 Loaded shared library C:\Java\bin\nio.dll
Event: 0.113 Loaded shared library C:\Java\bin\zip.dll
Event: 0.164 Loaded shared library C:\Java\bin\jimage.dll
Event: 0.170 Loaded shared library C:\Java\bin\extnet.dll
Event: 0.191 Loaded shared library C:\Java\bin\management.dll
Event: 0.200 Loaded shared library C:\Java\bin\management_ext.dll
Event: 1.180 Loaded shared library C:\Java\bin\sunmscapi.dll
Event: 325.411 Loaded shared library C:\Users\Lungenberg\AppData\Local\Temp\idea_libasyncProfiler_dll_temp_folder\libasyncProfiler.dll

Deoptimization events (2 events):
Event: 223.972 Thread 0x000001a0c679fb40 DEOPT PACKING pc=0x000001a0f0e5a51c sp=0x00000025abdfee50
Event: 223.972 Thread 0x000001a0c679fb40 DEOPT UNPACKING pc=0x000001a0f08e5722 sp=0x00000025abdfe2e8 mode 0

Classes loaded (20 events):
Event: 325.531 Loading class jdk/jfr/internal/MetadataWriter
Event: 325.531 Loading class jdk/jfr/internal/MetadataWriter done
Event: 325.531 Loading class jdk/jfr/internal/MetadataDescriptor$Element
Event: 325.532 Loading class jdk/jfr/internal/MetadataDescriptor$Element done
Event: 325.532 Loading class jdk/jfr/internal/MetadataDescriptor$Attribute
Event: 325.532 Loading class jdk/jfr/internal/MetadataDescriptor$Attribute done
Event: 325.538 Loading class jdk/jfr/internal/consumer/StringParser$Encoding
Event: 325.538 Loading class jdk/jfr/internal/consumer/StringParser$Encoding done
Event: 325.543 Loading class jdk/jfr/internal/consumer/RepositoryFiles
Event: 325.543 Loading class jdk/jfr/internal/consumer/RepositoryFiles done
Event: 325.546 Loading class jdk/jfr/internal/SettingsManager$InternalSetting
Event: 325.546 Loading class jdk/jfr/internal/SettingsManager$InternalSetting done
Event: 325.547 Loading class jdk/jfr/internal/util/Rate
Event: 325.547 Loading class jdk/jfr/internal/util/Rate done
Event: 325.547 Loading class jdk/jfr/internal/util/TimespanUnit
Event: 325.547 Loading class jdk/jfr/internal/util/TimespanUnit done
Event: 325.547 Loading class jdk/jfr/internal/util/ValueParser
Event: 325.548 Loading class jdk/jfr/internal/util/ValueParser done
Event: 325.549 Loading class jdk/jfr/internal/periodic/PeriodicType
Event: 325.549 Loading class jdk/jfr/internal/periodic/PeriodicType done

Classes unloaded (0 events):
No events

Classes redefined (0 events):
No events

Internal exceptions (20 events):
Event: 1.978 Thread 0x000001a0e7ff1c10 Exception <a 'java/lang/NoSuchMethodError'{0x000000070e7c2cd8}: 'java.lang.Object java.lang.invoke.DirectMethodHandle$Holder.invokeSpecial(java.lang.Object, java.lang.Object, int, int, int, int)'> (0x000000070e7c2cd8) 
thrown [s\open\src\hotspot\share\interpreter\linkResolver.cpp, line 805]
Event: 1.978 Thread 0x000001a0e7ff1c10 Exception <a 'java/lang/NoSuchMethodError'{0x000000070e7d3280}: 'java.lang.Object java.lang.invoke.DelegatingMethodHandle$Holder.reinvoke_L(java.lang.Object, java.lang.Object, int, int, int, int)'> (0x000000070e7d3280) 
thrown [s\open\src\hotspot\share\interpreter\linkResolver.cpp, line 805]
Event: 2.010 Thread 0x000001a0e7ff1c10 Exception <a 'java/lang/NoSuchMethodError'{0x00000007fff35a38}: 'int java.lang.invoke.DirectMethodHandle$Holder.invokeStaticInit(java.lang.Object, java.lang.Object, java.lang.Object, java.lang.Object)'> (0x00000007fff35a38) 
thrown [s\open\src\hotspot\share\interpreter\linkResolver.cpp, line 805]
Event: 2.076 Thread 0x000001a0e7ff1c10 Exception <a 'java/lang/NoSuchMethodError'{0x0000000719d7fb80}: 'java.lang.Object java.lang.invoke.DirectMethodHandle$Holder.newInvokeSpecial(java.lang.Object, java.lang.Object, int, java.lang.Object, java.lang.Object)'> (0x0000000719d7fb80) 
thrown [s\open\src\hotspot\share\interpreter\linkResolver.cpp, line 805]
Event: 2.228 Thread 0x000001a0c679f3f0 Exception <a 'java/lang/NoSuchMethodError'{0x00000007198d3b38}: 'java.lang.Object java.lang.invoke.DirectMethodHandle$Holder.invokeInterface(java.lang.Object, java.lang.Object, java.lang.Object, java.lang.Object, java.lang.Object, java.lang.Object, java.lang.Object)'> (0x00000007198d3b38) 
thrown [s\open\src\hotspot\share\interpreter\linkResolver.cpp, line 805]
Event: 2.230 Thread 0x000001a0c679f3f0 Exception <a 'java/lang/NoSuchMethodError'{0x000000071993b270}: 'java.lang.Object java.lang.invoke.DirectMethodHandle$Holder.invokeStatic(java.lang.Object, java.lang.Object, java.lang.Object, java.lang.Object, java.lang.Object, java.lang.Object, java.lang.Object, java.lang.Object, java.lang.Object, java.lang.Object)'> (0x000000071993b270) 
thrown [s\open\src\hotspot\share\interpreter\linkResolver.cpp, line 805]
Event: 223.150 Thread 0x000001a0c679e550 Exception <a 'java/lang/NoSuchMethodError'{0x000000070fcff668}: 'java.lang.Object java.lang.invoke.DirectMethodHandle$Holder.invokeStatic(java.lang.Object, java.lang.Object, java.lang.Object, int, int)'> (0x000000070fcff668) 
thrown [s\open\src\hotspot\share\interpreter\linkResolver.cpp, line 805]
Event: 223.151 Thread 0x000001a0c679e550 Exception <a 'java/lang/NoSuchMethodError'{0x000000070fd075d8}: 'java.lang.Object java.lang.invoke.DirectMethodHandle$Holder.invokeStaticInit(java.lang.Object, java.lang.Object, java.lang.Object, int, int)'> (0x000000070fd075d8) 
thrown [s\open\src\hotspot\share\interpreter\linkResolver.cpp, line 805]
Event: 223.186 Thread 0x000001a0c6799c30 Exception <a 'java/lang/NoSuchMethodError'{0x000000070fa07c60}: 'java.lang.Object java.lang.invoke.DirectMethodHandle$Holder.invokeSpecial(java.lang.Object, java.lang.Object, java.lang.Object, java.lang.Object, java.lang.Object, long)'> (0x000000070fa07c60) 
thrown [s\open\src\hotspot\share\interpreter\linkResolver.cpp, line 805]
Event: 223.187 Thread 0x000001a0c6799c30 Exception <a 'java/lang/NoSuchMethodError'{0x000000070fa10580}: 'java.lang.Object java.lang.invoke.DirectMethodHandle$Holder.invokeSpecial(java.lang.Object, java.lang.Object, java.lang.Object, java.lang.Object, java.lang.Object, java.lang.Object, long)'> (0x000000070fa10580) 
thrown [s\open\src\hotspot\share\interpreter\linkResolver.cpp, line 805]
Event: 223.187 Thread 0x000001a0c6799c30 Exception <a 'java/lang/NoSuchMethodError'{0x000000070fa18930}: 'java.lang.Object java.lang.invoke.DelegatingMethodHandle$Holder.reinvoke_L(java.lang.Object, java.lang.Object, java.lang.Object, java.lang.Object, java.lang.Object, long)'> (0x000000070fa18930) 
thrown [s\open\src\hotspot\share\interpreter\linkResolver.cpp, line 805]
Event: 223.187 Thread 0x000001a0c6799c30 Exception <a 'java/lang/NoSuchMethodError'{0x000000070fa28d30}: 'java.lang.Object java.lang.invoke.Invokers$Holder.linkToTargetMethod(java.lang.Object, java.lang.Object, java.lang.Object, long, java.lang.Object)'> (0x000000070fa28d30) 
thrown [s\open\src\hotspot\share\interpreter\linkResolver.cpp, line 805]
Event: 223.361 Thread 0x000001a0c6799c30 Exception <a 'java/lang/NoSuchMethodError'{0x000000070f4da720}: 'int java.lang.invoke.DirectMethodHandle$Holder.invokeVirtual(java.lang.Object, java.lang.Object, java.lang.Object)'> (0x000000070f4da720) 
thrown [s\open\src\hotspot\share\interpreter\linkResolver.cpp, line 805]
Event: 325.451 Thread 0x000001a0fbc6d580 Exception <a 'java/lang/NoSuchMethodError'{0x000000070f037d60}: 'void java.lang.invoke.DirectMethodHandle$Holder.invokeStaticInit(java.lang.Object)'> (0x000000070f037d60) 
thrown [s\open\src\hotspot\share\interpreter\linkResolver.cpp, line 805]
Event: 325.517 Thread 0x000001a0fbc6d580 Exception <a 'java/lang/NoSuchMethodError'{0x000000071c1f2328}: 'void java.lang.invoke.DirectMethodHandle$Holder.invokeSpecial(java.lang.Object, java.lang.Object, int)'> (0x000000071c1f2328) 
thrown [s\open\src\hotspot\share\interpreter\linkResolver.cpp, line 805]
Event: 325.517 Thread 0x000001a0fbc6d580 Exception <a 'java/lang/NoSuchMethodError'{0x000000071c1f9f48}: 'void java.lang.invoke.Invokers$Holder.invokeExact_MT(java.lang.Object, int, java.lang.Object)'> (0x000000071c1f9f48) 
thrown [s\open\src\hotspot\share\interpreter\linkResolver.cpp, line 805]
Event: 325.519 Thread 0x000001a0fbc6d580 Exception <a 'java/lang/NoSuchMethodError'{0x0000000719c1b478}: 'java.lang.Object java.lang.invoke.DirectMethodHandle$Holder.newInvokeSpecial(java.lang.Object, java.lang.Object, int)'> (0x0000000719c1b478) 
thrown [s\open\src\hotspot\share\interpreter\linkResolver.cpp, line 805]
Event: 325.525 Thread 0x000001a0fbc6d580 Exception <a 'sun/nio/fs/WindowsException'{0x0000000719c4fe00}> (0x0000000719c4fe00) 
thrown [s\open\src\hotspot\share\prims\jni.cpp, line 518]
Event: 325.527 Thread 0x000001a0fbc6d580 Exception <a 'sun/nio/fs/WindowsException'{0x0000000719c5cda8}> (0x0000000719c5cda8) 
thrown [s\open\src\hotspot\share\prims\jni.cpp, line 518]
Event: 325.529 Thread 0x000001a0fbc6d580 Exception <a 'sun/nio/fs/WindowsException'{0x0000000719c890e0}> (0x0000000719c890e0) 
thrown [s\open\src\hotspot\share\prims\jni.cpp, line 518]

VM Operations (20 events):
Event: 60.169 Executing VM operation: HandshakeAllThreads (HandshakeForDeflation)
Event: 60.170 Executing VM operation: HandshakeAllThreads (HandshakeForDeflation) done
Event: 60.170 Executing VM operation: RendezvousGCThreads
Event: 60.170 Executing VM operation: RendezvousGCThreads done
Event: 223.156 Executing VM operation: HandshakeAllThreads (Deoptimize)
Event: 223.156 Executing VM operation: HandshakeAllThreads (Deoptimize) done
Event: 223.205 Executing VM operation: HandshakeAllThreads (Deoptimize)
Event: 223.205 Executing VM operation: HandshakeAllThreads (Deoptimize) done
Event: 223.320 Executing VM operation: HandshakeAllThreads (Deoptimize)
Event: 223.320 Executing VM operation: HandshakeAllThreads (Deoptimize) done
Event: 223.357 Executing VM operation: HandshakeAllThreads (Deoptimize)
Event: 223.357 Executing VM operation: HandshakeAllThreads (Deoptimize) done
Event: 240.626 Executing VM operation: HandshakeAllThreads (HandshakeForDeflation)
Event: 240.626 Executing VM operation: HandshakeAllThreads (HandshakeForDeflation) done
Event: 240.626 Executing VM operation: RendezvousGCThreads
Event: 240.626 Executing VM operation: RendezvousGCThreads done
Event: 325.472 Executing VM operation: G1CollectForAllocation (G1 Evacuation Pause)
Event: 325.477 Executing VM operation: G1CollectForAllocation (G1 Evacuation Pause) done
Event: 325.544 Executing VM operation: JFRSafepointClear
Event: 325.544 Executing VM operation: JFRSafepointClear done

Memory protections (0 events):
No events

Nmethod flushes (0 events):
No events

Events (20 events):
Event: 46.061 Thread 0x000001a0fbc89710 Thread added: 0x000001a0c516e800
Event: 49.982 Thread 0x000001a0c516e800 Thread exited: 0x000001a0c516e800
Event: 72.497 Thread 0x000001a0fbc89710 Thread added: 0x000001a0c516c9c0
Event: 79.728 Thread 0x000001a0c516c9c0 Thread exited: 0x000001a0c516c9c0
Event: 87.315 Thread 0x000001a0fbc89710 Thread added: 0x000001a0c516e800
Event: 89.788 Thread 0x000001a0c516e800 Thread added: 0x000001a0c516c9c0
Event: 89.789 Thread 0x000001a0c516e800 Thread added: 0x000001a0c508b3a0
Event: 90.443 Thread 0x000001a0c5d32ec0 Thread exited: 0x000001a0c5d32ec0
Event: 91.040 Thread 0x000001a0c508b3a0 Thread exited: 0x000001a0c508b3a0
Event: 91.040 Thread 0x000001a0c516c9c0 Thread exited: 0x000001a0c516c9c0
Event: 94.604 Thread 0x000001a0c516e800 Thread exited: 0x000001a0c516e800
Event: 180.457 Thread 0x000001a0c5ce6690 Thread added: 0x000001a0c679fb40
Event: 206.095 Thread 0x000001a0fbc89710 Thread added: 0x000001a0c516e800
Event: 207.104 Thread 0x000001a0c516e800 Thread exited: 0x000001a0c516e800
Event: 255.518 Thread 0x000001a0c679f3f0 Thread exited: 0x000001a0c679f3f0
Event: 325.448 Thread 0x000001a0fbc6d580 Thread added: 0x000001a0c679f3f0
Event: 325.469 Thread 0x000001a0fbc89710 Thread added: 0x000001a0c5833b20
Event: 325.494 Thread 0x000001a0c5833b20 Thread added: 0x000001a0c5833390
Event: 325.494 Thread 0x000001a0c5833b20 Thread added: 0x000001a0c58342b0
Event: 325.520 Thread 0x000001a0fbc6d580 Thread added: 0x000001a0c67a0290


Dynamic libraries:
0x00007ff6bc640000 - 0x00007ff6bc650000 	C:\Java\bin\java.exe
0x00007ffe31760000 - 0x00007ffe319c5000 	C:\WINDOWS\SYSTEM32\ntdll.dll
0x00007ffe2f8c0000 - 0x00007ffe2f989000 	C:\WINDOWS\System32\KERNEL32.DLL
0x00007ffe2ef30000 - 0x00007ffe2f318000 	C:\WINDOWS\System32\KERNELBASE.dll
0x00007ffe2ed20000 - 0x00007ffe2ee6b000 	C:\WINDOWS\System32\ucrtbase.dll
0x00007ffe270e0000 - 0x00007ffe270f6000 	C:\Java\bin\jli.dll
0x00007ffe27050000 - 0x00007ffe2706b000 	C:\Java\bin\VCRUNTIME140.dll
0x00007ffe30130000 - 0x00007ffe302fa000 	C:\WINDOWS\System32\USER32.dll
0x00007ffe0fec0000 - 0x00007ffe1015a000 	C:\WINDOWS\WinSxS\amd64_microsoft.windows.common-controls_6595b64144ccf1df_6.0.26100.4202_none_3e0698d4e335f517\COMCTL32.dll
0x00007ffe2ecf0000 - 0x00007ffe2ed17000 	C:\WINDOWS\System32\win32u.dll
0x00007ffe30620000 - 0x00007ffe306c9000 	C:\WINDOWS\System32\msvcrt.dll
0x00007ffe2f500000 - 0x00007ffe2f52b000 	C:\WINDOWS\System32\GDI32.dll
0x00007ffe2e8b0000 - 0x00007ffe2e9e7000 	C:\WINDOWS\System32\gdi32full.dll
0x00007ffe2f450000 - 0x00007ffe2f4f3000 	C:\WINDOWS\System32\msvcp_win.dll
0x00007ffe2fa20000 - 0x00007ffe2fa50000 	C:\WINDOWS\System32\IMM32.DLL
0x00007ffe29be0000 - 0x00007ffe29bec000 	C:\Java\bin\vcruntime140_1.dll
0x00007ffe26810000 - 0x00007ffe2689e000 	C:\Java\bin\msvcp140.dll
0x00007ffd8be50000 - 0x00007ffd8cbf2000 	C:\Java\bin\server\jvm.dll
0x00007ffe31060000 - 0x00007ffe31113000 	C:\WINDOWS\System32\ADVAPI32.dll
0x00007ffe30300000 - 0x00007ffe303a6000 	C:\WINDOWS\System32\sechost.dll
0x00007ffe2fa60000 - 0x00007ffe2fb75000 	C:\WINDOWS\System32\RPCRT4.dll
0x00007ffe2f9a0000 - 0x00007ffe2fa14000 	C:\WINDOWS\System32\WS2_32.dll
0x00007ffe2e0f0000 - 0x00007ffe2e14e000 	C:\WINDOWS\SYSTEM32\POWRPROF.dll
0x00007ffe1fbe0000 - 0x00007ffe1fc15000 	C:\WINDOWS\SYSTEM32\WINMM.dll
0x00007ffe27a20000 - 0x00007ffe27a2b000 	C:\WINDOWS\SYSTEM32\VERSION.dll
0x00007ffe2e0d0000 - 0x00007ffe2e0e4000 	C:\WINDOWS\SYSTEM32\UMPDC.dll
0x00007ffe2d630000 - 0x00007ffe2d64b000 	C:\WINDOWS\SYSTEM32\kernel.appcore.dll
0x00007ffe27140000 - 0x00007ffe2714a000 	C:\Java\bin\jimage.dll
0x00007ffe20350000 - 0x00007ffe20591000 	C:\WINDOWS\SYSTEM32\DBGHELP.DLL
0x00007ffe2f530000 - 0x00007ffe2f8b5000 	C:\WINDOWS\System32\combase.dll
0x00007ffe30040000 - 0x00007ffe30121000 	C:\WINDOWS\System32\OLEAUT32.dll
0x00007ffdfc4a0000 - 0x00007ffdfc4d9000 	C:\WINDOWS\SYSTEM32\dbgcore.DLL
0x00007ffe2f3b0000 - 0x00007ffe2f449000 	C:\WINDOWS\System32\bcryptPrimitives.dll
0x00007ffe26e20000 - 0x00007ffe26e2f000 	C:\Java\bin\instrument.dll
0x00007ffe26dc0000 - 0x00007ffe26dde000 	C:\Java\bin\java.dll
0x00007ffe303e0000 - 0x00007ffe3057e000 	C:\WINDOWS\System32\ole32.dll
0x00007ffe30840000 - 0x00007ffe30f82000 	C:\WINDOWS\System32\SHELL32.dll
0x00007ffe2eb70000 - 0x00007ffe2ece4000 	C:\WINDOWS\System32\wintypes.dll
0x00007ffe2c4d0000 - 0x00007ffe2cd28000 	C:\WINDOWS\SYSTEM32\windows.storage.dll
0x00007ffe2fb80000 - 0x00007ffe2fc71000 	C:\WINDOWS\System32\SHCORE.dll
0x00007ffe305a0000 - 0x00007ffe3060a000 	C:\WINDOWS\System32\shlwapi.dll
0x00007ffe2e7c0000 - 0x00007ffe2e7ef000 	C:\WINDOWS\SYSTEM32\profapi.dll
0x00007ffe26ce0000 - 0x00007ffe26cf7000 	C:\Java\bin\zip.dll
0x00007ffe26e10000 - 0x00007ffe26e20000 	C:\Java\bin\net.dll
0x00007ffe2db80000 - 0x00007ffe2dbea000 	C:\WINDOWS\system32\mswsock.dll
0x00007ffe26da0000 - 0x00007ffe26db6000 	C:\Java\bin\nio.dll
0x00007ffe26c70000 - 0x00007ffe26c79000 	C:\Java\bin\extnet.dll
0x00007ffe2d0d0000 - 0x00007ffe2d1f7000 	C:\WINDOWS\SYSTEM32\DNSAPI.dll
0x00007ffe2d040000 - 0x00007ffe2d073000 	C:\WINDOWS\SYSTEM32\IPHLPAPI.DLL
0x00007ffe2f990000 - 0x00007ffe2f99a000 	C:\WINDOWS\System32\NSI.dll
0x00007ffe27720000 - 0x00007ffe2772b000 	C:\Windows\System32\rasadhlp.dll
0x00007ffe28d60000 - 0x00007ffe28de6000 	C:\WINDOWS\System32\fwpuclnt.dll
0x00007ffe26c60000 - 0x00007ffe26c6a000 	C:\Java\bin\management.dll
0x00007ffe26c50000 - 0x00007ffe26c5b000 	C:\Java\bin\management_ext.dll
0x00007ffe30610000 - 0x00007ffe30618000 	C:\WINDOWS\System32\PSAPI.DLL
0x00007ffe2df60000 - 0x00007ffe2df7b000 	C:\WINDOWS\SYSTEM32\CRYPTSP.dll
0x00007ffe2d590000 - 0x00007ffe2d5ca000 	C:\WINDOWS\system32\rsaenh.dll
0x00007ffe2dc20000 - 0x00007ffe2dc4b000 	C:\WINDOWS\SYSTEM32\USERENV.dll
0x00007ffe2e790000 - 0x00007ffe2e7b6000 	C:\WINDOWS\SYSTEM32\bcrypt.dll
0x00007ffe2ddc0000 - 0x00007ffe2ddcc000 	C:\WINDOWS\SYSTEM32\CRYPTBASE.dll
0x00007ffdd69c0000 - 0x00007ffdd69d8000 	C:\WINDOWS\system32\napinsp.dll
0x00007ffdd69a0000 - 0x00007ffdd69b2000 	C:\WINDOWS\System32\winrnr.dll
0x00007ffdd6960000 - 0x00007ffdd6990000 	C:\WINDOWS\system32\nlansp_c.dll
0x00007ffe20f00000 - 0x00007ffe20f20000 	C:\WINDOWS\system32\wshbth.dll
0x00007ffe26c40000 - 0x00007ffe26c4e000 	C:\Java\bin\sunmscapi.dll
0x00007ffe2e9f0000 - 0x00007ffe2eb67000 	C:\WINDOWS\System32\CRYPT32.dll
0x00007ffe2e1d0000 - 0x00007ffe2e200000 	C:\WINDOWS\SYSTEM32\ncrypt.dll
0x00007ffe2e180000 - 0x00007ffe2e1bf000 	C:\WINDOWS\SYSTEM32\NTASN1.dll
0x00007ffdf9370000 - 0x00007ffdf9378000 	C:\WINDOWS\system32\wshunix.dll
0x00007ffdb0880000 - 0x00007ffdb0a78000 	C:\Users\Lungenberg\AppData\Local\Temp\idea_libasyncProfiler_dll_temp_folder\libasyncProfiler.dll

dbghelp: loaded successfully - version: 4.0.5 - missing functions: none
symbol engine: initialized successfully - sym options: 0x614 - pdb path: .;C:\Java\bin;C:\WINDOWS\SYSTEM32;C:\WINDOWS\WinSxS\amd64_microsoft.windows.common-controls_6595b64144ccf1df_6.0.26100.4202_none_3e0698d4e335f517;C:\Java\bin\server;C:\Users\Lungenberg\AppData\Local\Temp\idea_libasyncProfiler_dll_temp_folder

VM Arguments:
jvm_args: -XX:TieredStopAtLevel=1 -Dspring.output.ansi.enabled=always -Dcom.sun.management.jmxremote -Dspring.jmx.enabled=true -Dspring.liveBeansView.mbeanDomain -Dspring.application.admin.enabled=true -Dmanagement.endpoints.jmx.exposure.include=* -javaagent:C:\Users\Lungenberg\AppData\Local\Programs\IntelliJ IDEA Ultimate\lib\idea_rt.jar=59753 -Dfile.encoding=UTF-8 -Dsun.stdout.encoding=UTF-8 -Dsun.stderr.encoding=UTF-8 
java_command: com.post_hub.iam_service.IamServiceApplication
java_class_path (initial): D:\iam_service_post_hub\target\classes;C:\Users\Lungenberg\.m2\repository\org\springframework\boot\spring-boot-starter-web\3.4.5\spring-boot-starter-web-3.4.5.jar;C:\Users\Lungenberg\.m2\repository\org\springframework\boot\spring-boot-starter\3.4.5\spring-boot-starter-3.4.5.jar;C:\Users\Lungenberg\.m2\repository\org\springframework\boot\spring-boot\3.4.5\spring-boot-3.4.5.jar;C:\Users\Lungenberg\.m2\repository\org\springframework\boot\spring-boot-autoconfigure\3.4.5\spring-boot-autoconfigure-3.4.5.jar;C:\Users\Lungenberg\.m2\repository\org\springframework\boot\spring-boot-starter-logging\3.4.5\spring-boot-starter-logging-3.4.5.jar;C:\Users\Lungenberg\.m2\repository\ch\qos\logback\logback-classic\1.5.18\logback-classic-1.5.18.jar;C:\Users\Lungenberg\.m2\repository\ch\qos\logback\logback-core\1.5.18\logback-core-1.5.18.jar;C:\Users\Lungenberg\.m2\repository\org\apache\logging\log4j\log4j-to-slf4j\2.24.3\log4j-to-slf4j-2.24.3.jar;C:\Users\Lungenberg\.m2\repository\org\apache\logging\log4j\log4j-api\2.24.3\log4j-api-2.24.3.jar;C:\Users\Lungenberg\.m2\repository\org\slf4j\jul-to-slf4j\2.0.17\jul-to-slf4j-2.0.17.jar;C:\Users\Lungenberg\.m2\repository\jakarta\annotation\jakarta.annotation-api\2.1.1\jakarta.annotation-api-2.1.1.jar;C:\Users\Lungenberg\.m2\repository\org\yaml\snakeyaml\2.3\snakeyaml-2.3.jar;C:\Users\Lungenberg\.m2\repository\org\springframework\boot\spring-boot-starter-json\3.4.5\spring-boot-starter-json-3.4.5.jar;C:\Users\Lungenberg\.m2\repository\com\fasterxml\jackson\core\jackson-databind\2.18.3\jackson-databind-2.18.3.jar;C:\Users\Lungenberg\.m2\repository\com\fasterxml\jackson\core\jackson-annotations\2.18.3\jackson-annotations-2.18.3.jar;C:\Users\Lungenberg\.m2\repository\com\fasterxml\jackson\core\jackson-core\2.18.3\jackson-core-2.18.3.jar;C:\Users\Lungenberg\.m2\repository\com\fasterxml\jackson\datatype\jackson-datatype-jdk8\2.18.3\jackson-datatype-jdk8-2.18.3.jar;C:\Users\Lungenberg\.m2\repository\com\fasterxml\jackson\datatype\jackson-datatype-jsr310\2.18.3\jackson-datatype-jsr310-2.18.3.jar;C:\Users\Lungenberg\.m2\repository\com\fasterxml\jackson\module\jackson-module-parameter-names\2.18.3\jackson-module-parameter-names-2.18.3.jar;C:\Users\Lungenberg\.m2\repository\org\springframework\boot\spring-boot-starter-tomcat\3.4.5\spring-boot-starter-tomcat-3.4.5.jar;C:\Users\Lungenberg\.m2\repository\org\apache\tomcat\embed\tomcat-embed-core\10.1.40\tomcat-embed-core-10.1.40.jar;C:\Users\Lungenberg\.m2\repository\org\apache\tomcat\embed\tomcat-embed-el\10.1.40\tomcat-embed-el-10.1.40.jar;C:\Users\Lungenberg\.m2\repository\org\apache\tomcat\embed\tomcat-embed-websocket\10.1.40\tomcat-embed-websocket-10.1.40.jar;C:\Users\Lungenberg\.m2\repository\org\springframework\spring-web\6.2.6\spring-web-6.2.6.jar;C:\Users\Lungenberg\.m2\repository\org\springframework\spring-beans\6.2.6\spring-beans-6.2.6.jar;C:\Users\Lungenberg\.m2\repository\io\micrometer\micrometer-observation\1.14.6\micrometer-observation-1.14.6.jar;C:\Users\Lungenberg\.m2\repository\io\micrometer\micrometer-commons\1.14.6\micrometer-commons-1.14.6.jar;C:\Users\Lungenberg\.m2\repository\org\springframework\spring-webmvc\6.2.6\spring-webmvc-6.2.6.jar;C:\Users\Lungenberg\.m2\repository\org\springframework\spring-aop\6.2.6\spring-aop-6.2.6.jar;C:\Users\Lungenberg\.m2\repository\org\springframework\spring-context\6.2.6\spring-context-6.2.6.jar;C:\Users\Lungenberg\.m2\repository\org\springframework\spring-expression\6.2.6\spring-expression-6.2.6.jar;C:\Users\Lungenberg\.m2\repository\org\postgresql\postgresql\42.7.5\postgresql-42.7.5.jar;C:\Users\Lungenberg\.m2\repository\org\checkerframework\checker-qual\3.48.3\checker-qual-3.48.3.jar;C:\Users\Lungenberg\.m2\repository\org\projectlombok\lombok\1.18.38\lombok-1.18.38.jar;C:\Users\Lungenberg\.m2\repository\org\slf4j\slf4j-api\2.0.17\slf4j-api-2.0.17.jar;C:\Users\Lungenberg\.m2\repository\org\springframework\spring-core\6.2.6\spring-core-6.2.6.jar;C:\Users\Lungenberg\.m2\repository\org\springframework\spring-jcl\6.2.6\spring-jcl-6.2.6.jar
Launcher Type: SUN_STANDARD

[Global flags]
     intx CICompilerCount                          = 12                                        {product} {ergonomic}
     uint ConcGCThreads                            = 3                                         {product} {ergonomic}
     bool FlightRecorder                           = true                                      {product} {management}
     uint G1ConcRefinementThreads                  = 13                                        {product} {ergonomic}
   size_t G1HeapRegionSize                         = 2097152                                   {product} {ergonomic}
   size_t InitialHeapSize                          = 255852544                                 {product} {ergonomic}
     bool ManagementServer                         = true                                      {product} {command line}
   size_t MarkStackSize                            = 4194304                                   {product} {ergonomic}
   size_t MarkStackSizeMax                         = 536870912                                 {product} {ergonomic}
   size_t MaxHeapSize                              = 4078960640                                {product} {ergonomic}
   size_t MaxNewSize                               = 2447376384                                {product} {ergonomic}
   size_t MinHeapDeltaBytes                        = 2097152                                   {product} {ergonomic}
   size_t MinHeapSize                              = 8388608                                   {product} {ergonomic}
    uintx NonNMethodCodeHeapSize                   = 4096                                   {pd product} {ergonomic}
    uintx NonProfiledCodeHeapSize                  = 0                                      {pd product} {ergonomic}
     bool ProfileInterpreter                       = false                                  {pd product} {command line}
    uintx ProfiledCodeHeapSize                     = 0                                      {pd product} {ergonomic}
   size_t SoftMaxHeapSize                          = 4078960640                             {manageable} {ergonomic}
     intx TieredStopAtLevel                        = 1                                         {product} {command line}
     bool UseCompressedOops                        = true                           {product lp64_product} {ergonomic}
     bool UseG1GC                                  = true                                      {product} {ergonomic}
     bool UseLargePagesIndividualAllocation        = false                                  {pd product} {ergonomic}

Logging:
Log output configuration:
 #0: stdout all=warning uptime,level,tags foldmultilines=false
 #1: stderr all=off uptime,level,tags foldmultilines=false

Environment Variables:
JAVA_HOME=C:\Java
PATH=C:\Program Files\Common Files\Oracle\Java\javapath;C:\Program Files (x86)\Common Files\Oracle\Java\java8path;C:\Program Files (x86)\Common Files\Oracle\Java\javapath;C:\WINDOWS\system32;C:\WINDOWS;C:\WINDOWS\System32\Wbem;C:\WINDOWS\System32\WindowsPowerShell\v1.0\;C:\WINDOWS\System32\OpenSSH\;C:\Program Files (x86)\NVIDIA Corporation\PhysX\Common;C:\Program Files\dotnet\;C:\Program Files\NVIDIA Corporation\NVIDIA app\NvDLISR;C:\Program Files\Wolfram Research\WolframScript\;C:\MinGW\bin;C:\Program Files\MATLAB\R2024a\bin;D:\Windows Kits\10\Windows Performance Toolkit\;C:\Program Files\maven\bin;C:\Program Files\Docker\Docker\resources\bin;C:\Program Files\Git\cmd;C:\Users\Lungenberg\AppData\Local\Microsoft\WindowsApps;C:\Users\Lungenberg\AppData\Local\Programs\Microsoft VS Code\bin;D:\IntelliJ IDEA Community Edition 2024.3.5\bin;C:\Users\Lungenberg\AppData\Local\JetBrains\Toolbox\scripts;;C:\Users\Lungenberg\AppData\Local\spicetify
USERNAME=Lungenberg
OS=Windows_NT
PROCESSOR_IDENTIFIER=AMD64 Family 25 Model 68 Stepping 1, AuthenticAMD
TMP=C:\Users\LUNGEN~1\AppData\Local\Temp
TEMP=C:\Users\LUNGEN~1\AppData\Local\Temp




Periodic native trim disabled

---------------  S Y S T E M  ---------------

OS:
 Windows 11 , 64 bit Build 26100 (10.0.26100.4202)
OS uptime: 0 days 6:27 hours
Hyper-V role detected

CPU: total 16 (initial active 16) (16 cores per cpu, 2 threads per core) family 25 model 68 stepping 1 microcode 0xa404105, cx8, cmov, fxsr, ht, mmx, 3dnowpref, sse, sse2, sse3, ssse3, sse4a, sse4.1, sse4.2, popcnt, lzcnt, tsc, tscinvbit, avx, avx2, aes, erms, clmul, bmi1, bmi2, adx, sha, fma, vzeroupper, clflush, clflushopt, hv, rdtscp, rdpid, fsrm, f16c, cet_ss
Processor Information for processor 0
  Max Mhz: 3301, Current Mhz: 2022, Mhz Limit: 3301
Processor Information for processor 1
  Max Mhz: 3301, Current Mhz: 3301, Mhz Limit: 3301
Processor Information for processor 2
  Max Mhz: 3301, Current Mhz: 3301, Mhz Limit: 3301
Processor Information for processor 3
  Max Mhz: 3301, Current Mhz: 2022, Mhz Limit: 3301
Processor Information for processor 4
  Max Mhz: 3301, Current Mhz: 3301, Mhz Limit: 3301
Processor Information for processor 5
  Max Mhz: 3301, Current Mhz: 2022, Mhz Limit: 3301
Processor Information for processor 6
  Max Mhz: 3301, Current Mhz: 2022, Mhz Limit: 3301
Processor Information for processor 7
  Max Mhz: 3301, Current Mhz: 2022, Mhz Limit: 3301
Processor Information for processor 8
  Max Mhz: 3301, Current Mhz: 2022, Mhz Limit: 3301
Processor Information for processor 9
  Max Mhz: 3301, Current Mhz: 2022, Mhz Limit: 3301
Processor Information for processor 10
  Max Mhz: 3301, Current Mhz: 2022, Mhz Limit: 3301
Processor Information for processor 11
  Max Mhz: 3301, Current Mhz: 2022, Mhz Limit: 3301
Processor Information for processor 12
  Max Mhz: 3301, Current Mhz: 2022, Mhz Limit: 3301
Processor Information for processor 13
  Max Mhz: 3301, Current Mhz: 2022, Mhz Limit: 3301
Processor Information for processor 14
  Max Mhz: 3301, Current Mhz: 2022, Mhz Limit: 3301
Processor Information for processor 15
  Max Mhz: 3301, Current Mhz: 2022, Mhz Limit: 3301

Memory: 4k page, system-wide physical 15556M (2054M free)
TotalPageFile size 27852M (AvailPageFile size 2278M)
current process WorkingSet (physical memory assigned to process): 165M, peak: 165M
current process commit charge ("private bytes"): 238M, peak: 378M

vm_info: Java HotSpot(TM) 64-Bit Server VM (24+36-3646) for windows-amd64 JRE (24+36-3646), built on 2025-02-06T00:20:43Z with MS VC++ 17.6 (VS2022)

END.
